<?xml version="1.0" encoding="UTF-8"?>
<!-- Generated by org.testng.reporters.JUnitXMLReporter -->
<testsuite ignored="0" hostname="INLEN8520047493" failures="0" tests="5" name="Default test" time="1.93" errors="0" timestamp="2022-08-22T12:31:02 IST">
  <testcase classname="allRequests.RequestMethods" name="init" time="1.205"/>
  <testcase classname="allRequests.RequestMethods" name="init" time="0.062"/>
  <testcase classname="allRequests.RequestMethods" name="init" time="0.045"/>
  <testcase classname="allRequests.RequestMethods" name="init" time="0.047"/>
  <testcase classname="allRequests.RequestMethods" name="init" time="0.077"/>
</testsuite> <!-- Default test -->
